c:\ood\prof code\project 2 helper code\codeanalyzer\analyzer\x64\debug\vc140.pdb
c:\ood\prof code\project 2 helper code\codeanalyzer\analyzer\x64\debug\vc140.idb
c:\ood\prof code\project 2 helper code\codeanalyzer\analyzer\x64\debug\abstrsyntree.obj
c:\ood\prof code\project 2 helper code\codeanalyzer\analyzer\x64\debug\filemgr.obj
c:\ood\prof code\project 2 helper code\codeanalyzer\analyzer\x64\debug\filesystem.obj
c:\ood\prof code\project 2 helper code\codeanalyzer\analyzer\x64\debug\grammarhelpers.obj
c:\ood\prof code\project 2 helper code\codeanalyzer\analyzer\x64\debug\logger.obj
c:\ood\prof code\project 2 helper code\codeanalyzer\analyzer\x64\debug\actionsandrules.obj
c:\ood\prof code\project 2 helper code\codeanalyzer\analyzer\x64\debug\configureparser.obj
c:\ood\prof code\project 2 helper code\codeanalyzer\analyzer\x64\debug\parser.obj
c:\ood\prof code\project 2 helper code\codeanalyzer\analyzer\x64\debug\scopestack.obj
c:\ood\prof code\project 2 helper code\codeanalyzer\analyzer\x64\debug\semiexp.obj
c:\ood\prof code\project 2 helper code\codeanalyzer\analyzer\x64\debug\tokenizer.obj
c:\ood\prof code\project 2 helper code\codeanalyzer\analyzer\x64\debug\utilities.obj
c:\ood\prof code\project 2 helper code\codeanalyzer\analyzer\x64\debug\depanal.obj
c:\ood\prof code\project 2 helper code\codeanalyzer\analyzer\x64\debug\executive.obj
c:\ood\prof code\project 2 helper code\codeanalyzer\x64\debug\codeanalyzer.ilk
c:\ood\prof code\project 2 helper code\codeanalyzer\x64\debug\codeanalyzer.exe
c:\ood\prof code\project 2 helper code\codeanalyzer\x64\debug\codeanalyzer.pdb
c:\ood\prof code\project 2 helper code\codeanalyzer\analyzer\x64\debug\executive.vcxprojresolveassemblyreference.cache
c:\ood\prof code\project 2 helper code\codeanalyzer\analyzer\x64\debug\codeanalyzer.tlog\cl.command.1.tlog
c:\ood\prof code\project 2 helper code\codeanalyzer\analyzer\x64\debug\codeanalyzer.tlog\cl.read.1.tlog
c:\ood\prof code\project 2 helper code\codeanalyzer\analyzer\x64\debug\codeanalyzer.tlog\cl.write.1.tlog
c:\ood\prof code\project 2 helper code\codeanalyzer\analyzer\x64\debug\codeanalyzer.tlog\link.command.1.tlog
c:\ood\prof code\project 2 helper code\codeanalyzer\analyzer\x64\debug\codeanalyzer.tlog\link.read.1.tlog
c:\ood\prof code\project 2 helper code\codeanalyzer\analyzer\x64\debug\codeanalyzer.tlog\link.write.1.tlog
